0 info it worked if it ends with ok
1 verbose cli [ '/usr/bin/nodejs', '/usr/bin/npm', 'install', 'node' ]
2 info using npm@3.5.2
3 info using node@v4.2.6
4 silly loadCurrentTree Starting
5 silly install loadCurrentTree
6 silly install readLocalPackageData
7 silly fetchPackageMetaData node
8 silly fetchNamedPackageData node
9 silly mapToRegistry name node
10 silly mapToRegistry using default registry
11 silly mapToRegistry registry https://registry.npmjs.org/
12 silly mapToRegistry uri https://registry.npmjs.org/node
13 verbose request uri https://registry.npmjs.org/node
14 verbose request no auth needed
15 info attempt registry request try #1 at 4:41:50 AM
16 verbose request id e44126a3c141a5e6
17 verbose etag W/"59a988af-4e335"
18 verbose lastModified Fri, 01 Sep 2017 16:19:59 GMT
19 http request GET https://registry.npmjs.org/node
20 http 304 https://registry.npmjs.org/node
21 verbose headers { date: 'Mon, 18 Sep 2017 08:41:50 GMT',
21 verbose headers   via: '1.1 varnish',
21 verbose headers   'cache-control': 'max-age=300',
21 verbose headers   etag: 'W/"59a988af-4e335"',
21 verbose headers   age: '0',
21 verbose headers   connection: 'keep-alive',
21 verbose headers   'x-served-by': 'cache-nrt6131-NRT',
21 verbose headers   'x-cache': 'HIT',
21 verbose headers   'x-cache-hits': '1',
21 verbose headers   'x-timer': 'S1505724111.919913,VS0,VE129',
21 verbose headers   vary: 'Accept-Encoding, Accept' }
22 silly get cb [ 304,
22 silly get   { date: 'Mon, 18 Sep 2017 08:41:50 GMT',
22 silly get     via: '1.1 varnish',
22 silly get     'cache-control': 'max-age=300',
22 silly get     etag: 'W/"59a988af-4e335"',
22 silly get     age: '0',
22 silly get     connection: 'keep-alive',
22 silly get     'x-served-by': 'cache-nrt6131-NRT',
22 silly get     'x-cache': 'HIT',
22 silly get     'x-cache-hits': '1',
22 silly get     'x-timer': 'S1505724111.919913,VS0,VE129',
22 silly get     vary: 'Accept-Encoding, Accept' } ]
23 verbose etag https://registry.npmjs.org/node from cache
24 verbose get saving node to /root/.npm/registry.npmjs.org/node/.cache.json
25 silly install normalizeTree
26 silly loadCurrentTree Finishing
27 silly loadIdealTree Starting
28 silly install loadIdealTree
29 silly cloneCurrentTree Starting
30 silly install cloneCurrentTreeToIdealTree
31 silly cloneCurrentTree Finishing
32 silly loadShrinkwrap Starting
33 silly install loadShrinkwrap
34 silly loadShrinkwrap Finishing
35 silly loadAllDepsIntoIdealTree Starting
36 silly install loadAllDepsIntoIdealTree
37 silly resolveWithNewModule node@8.3.0 checking installable status
38 silly cache add args [ 'node', null ]
39 verbose cache add spec node
40 silly cache add parsed spec Result {
40 silly cache add   raw: 'node',
40 silly cache add   scope: null,
40 silly cache add   name: 'node',
40 silly cache add   rawSpec: '',
40 silly cache add   spec: 'latest',
40 silly cache add   type: 'tag' }
41 silly addNamed node@latest
42 verbose addNamed "latest" is being treated as a dist-tag for node
43 info addNameTag [ 'node', 'latest' ]
44 silly mapToRegistry name node
45 silly mapToRegistry using default registry
46 silly mapToRegistry registry https://registry.npmjs.org/
47 silly mapToRegistry uri https://registry.npmjs.org/node
48 verbose addNameTag registry:https://registry.npmjs.org/node not in flight; fetching
49 verbose get https://registry.npmjs.org/node not expired, no request
50 silly addNameTag next cb for node with tag latest
51 silly addNamed node@8.3.0
52 verbose addNamed "8.3.0" is a plain semver version for node
53 silly cache afterAdd node@8.3.0
54 verbose afterAdd /root/.npm/node/8.3.0/package/package.json not in flight; writing
55 verbose afterAdd /root/.npm/node/8.3.0/package/package.json written
56 silly fetchNamedPackageData node-bin-setup
57 silly mapToRegistry name node-bin-setup
58 silly mapToRegistry using default registry
59 silly mapToRegistry registry https://registry.npmjs.org/
60 silly mapToRegistry uri https://registry.npmjs.org/node-bin-setup
61 verbose request uri https://registry.npmjs.org/node-bin-setup
62 verbose request no auth needed
63 info attempt registry request try #1 at 4:41:51 AM
64 verbose etag W/"5976bbea-1511"
65 verbose lastModified Tue, 25 Jul 2017 03:32:58 GMT
66 http request GET https://registry.npmjs.org/node-bin-setup
67 http 304 https://registry.npmjs.org/node-bin-setup
68 verbose headers { date: 'Mon, 18 Sep 2017 08:41:51 GMT',
68 verbose headers   via: '1.1 varnish',
68 verbose headers   'cache-control': 'max-age=300',
68 verbose headers   etag: 'W/"5976bbea-1511"',
68 verbose headers   age: '0',
68 verbose headers   connection: 'keep-alive',
68 verbose headers   'x-served-by': 'cache-nrt6134-NRT',
68 verbose headers   'x-cache': 'HIT',
68 verbose headers   'x-cache-hits': '1',
68 verbose headers   'x-timer': 'S1505724112.541665,VS0,VE168',
68 verbose headers   vary: 'Accept-Encoding, Accept' }
69 silly get cb [ 304,
69 silly get   { date: 'Mon, 18 Sep 2017 08:41:51 GMT',
69 silly get     via: '1.1 varnish',
69 silly get     'cache-control': 'max-age=300',
69 silly get     etag: 'W/"5976bbea-1511"',
69 silly get     age: '0',
69 silly get     connection: 'keep-alive',
69 silly get     'x-served-by': 'cache-nrt6134-NRT',
69 silly get     'x-cache': 'HIT',
69 silly get     'x-cache-hits': '1',
69 silly get     'x-timer': 'S1505724112.541665,VS0,VE168',
69 silly get     vary: 'Accept-Encoding, Accept' } ]
70 verbose etag https://registry.npmjs.org/node-bin-setup from cache
71 verbose get saving node-bin-setup to /root/.npm/registry.npmjs.org/node-bin-setup/.cache.json
72 silly resolveWithNewModule node-bin-setup@1.0.6 checking installable status
73 silly cache add args [ 'node-bin-setup@^1.0.0', null ]
74 verbose cache add spec node-bin-setup@^1.0.0
75 silly cache add parsed spec Result {
75 silly cache add   raw: 'node-bin-setup@^1.0.0',
75 silly cache add   scope: null,
75 silly cache add   name: 'node-bin-setup',
75 silly cache add   rawSpec: '^1.0.0',
75 silly cache add   spec: '>=1.0.0 <2.0.0',
75 silly cache add   type: 'range' }
76 silly addNamed node-bin-setup@>=1.0.0 <2.0.0
77 verbose addNamed ">=1.0.0 <2.0.0" is a valid semver range for node-bin-setup
78 silly addNameRange { name: 'node-bin-setup',
78 silly addNameRange   range: '>=1.0.0 <2.0.0',
78 silly addNameRange   hasData: false }
79 silly mapToRegistry name node-bin-setup
80 silly mapToRegistry using default registry
81 silly mapToRegistry registry https://registry.npmjs.org/
82 silly mapToRegistry uri https://registry.npmjs.org/node-bin-setup
83 verbose addNameRange registry:https://registry.npmjs.org/node-bin-setup not in flight; fetching
84 verbose get https://registry.npmjs.org/node-bin-setup not expired, no request
85 silly addNameRange number 2 { name: 'node-bin-setup',
85 silly addNameRange   range: '>=1.0.0 <2.0.0',
85 silly addNameRange   hasData: true }
86 silly addNameRange versions [ 'node-bin-setup',
86 silly addNameRange   [ '1.0.0', '1.0.1', '1.0.2', '1.0.3', '1.0.4', '1.0.6' ] ]
87 silly addNamed node-bin-setup@1.0.6
88 verbose addNamed "1.0.6" is a plain semver version for node-bin-setup
89 silly cache afterAdd node-bin-setup@1.0.6
90 verbose afterAdd /root/.npm/node-bin-setup/1.0.6/package/package.json not in flight; writing
91 verbose afterAdd /root/.npm/node-bin-setup/1.0.6/package/package.json written
92 silly loadAllDepsIntoIdealTree Finishing
93 silly idealTree:prePrune kafka_to_db@1.0.0
93 silly idealTree:prePrune ├── abbrev@1.1.0
93 silly idealTree:prePrune ├── ajv@4.11.8
93 silly idealTree:prePrune ├── ansi-regex@2.1.1
93 silly idealTree:prePrune ├── aproba@1.1.2
93 silly idealTree:prePrune ├── are-we-there-yet@1.1.4
93 silly idealTree:prePrune ├── array-index@1.0.0
93 silly idealTree:prePrune ├── asn1@0.2.3
93 silly idealTree:prePrune ├── assert-plus@0.2.0
93 silly idealTree:prePrune ├── asynckit@0.4.0
93 silly idealTree:prePrune ├── aws-sign2@0.6.0
93 silly idealTree:prePrune ├── aws4@1.6.0
93 silly idealTree:prePrune ├── balanced-match@1.0.0
93 silly idealTree:prePrune ├── bcrypt-pbkdf@1.0.1
93 silly idealTree:prePrune ├── bindings@1.2.1
93 silly idealTree:prePrune ├── block-stream@0.0.9
93 silly idealTree:prePrune ├── boom@2.10.1
93 silly idealTree:prePrune ├── brace-expansion@1.1.8
93 silly idealTree:prePrune ├── caseless@0.12.0
93 silly idealTree:prePrune ├── co@4.6.0
93 silly idealTree:prePrune ├── code-point-at@1.1.0
93 silly idealTree:prePrune ├── combined-stream@1.0.5
93 silly idealTree:prePrune ├── concat-map@0.0.1
93 silly idealTree:prePrune ├── console-control-strings@1.1.0
93 silly idealTree:prePrune ├── core-util-is@1.0.2
93 silly idealTree:prePrune ├── cryptiles@2.0.5
93 silly idealTree:prePrune ├── d@1.0.0
93 silly idealTree:prePrune ├─┬ dashdash@1.14.1
93 silly idealTree:prePrune │ └── assert-plus@1.0.0
93 silly idealTree:prePrune ├── debug@2.6.8
93 silly idealTree:prePrune ├── delayed-stream@1.0.0
93 silly idealTree:prePrune ├── delegates@1.0.0
93 silly idealTree:prePrune ├── ecc-jsbn@0.1.1
93 silly idealTree:prePrune ├── es5-ext@0.10.24
93 silly idealTree:prePrune ├── es6-iterator@2.0.1
93 silly idealTree:prePrune ├── es6-symbol@3.1.1
93 silly idealTree:prePrune ├── extend@3.0.1
93 silly idealTree:prePrune ├── extsprintf@1.0.2
93 silly idealTree:prePrune ├── forever-agent@0.6.1
93 silly idealTree:prePrune ├── form-data@2.1.4
93 silly idealTree:prePrune ├── fs.realpath@1.0.0
93 silly idealTree:prePrune ├── fstream@1.0.11
93 silly idealTree:prePrune ├── gauge@2.6.0
93 silly idealTree:prePrune ├─┬ getpass@0.1.7
93 silly idealTree:prePrune │ └── assert-plus@1.0.0
93 silly idealTree:prePrune ├── glob@7.1.2
93 silly idealTree:prePrune ├── graceful-fs@4.1.11
93 silly idealTree:prePrune ├── har-schema@1.0.5
93 silly idealTree:prePrune ├── har-validator@4.2.1
93 silly idealTree:prePrune ├── has-color@0.1.7
93 silly idealTree:prePrune ├── has-unicode@2.0.1
93 silly idealTree:prePrune ├── hawk@3.1.3
93 silly idealTree:prePrune ├── hoek@2.16.3
93 silly idealTree:prePrune ├── http-signature@1.1.1
93 silly idealTree:prePrune ├── inflight@1.0.6
93 silly idealTree:prePrune ├── influx@5.0.7
93 silly idealTree:prePrune ├── inherits@2.0.3
93 silly idealTree:prePrune ├── is-fullwidth-code-point@1.0.0
93 silly idealTree:prePrune ├── is-typedarray@1.0.0
93 silly idealTree:prePrune ├── isarray@1.0.0
93 silly idealTree:prePrune ├── isexe@2.0.0
93 silly idealTree:prePrune ├── isstream@0.1.2
93 silly idealTree:prePrune ├── jsbn@0.1.1
93 silly idealTree:prePrune ├── json-schema@0.2.3
93 silly idealTree:prePrune ├── json-stable-stringify@1.0.1
93 silly idealTree:prePrune ├── json-stringify-safe@5.0.1
93 silly idealTree:prePrune ├── jsonify@0.0.0
93 silly idealTree:prePrune ├─┬ jsprim@1.4.0
93 silly idealTree:prePrune │ └── assert-plus@1.0.0
93 silly idealTree:prePrune ├─┬ kafka-node@1.6.2
93 silly idealTree:prePrune │ ├── async@1.5.2
93 silly idealTree:prePrune │ ├─┬ binary@0.3.0
93 silly idealTree:prePrune │ │ ├── buffers@0.1.1
93 silly idealTree:prePrune │ │ └─┬ chainsaw@0.1.0
93 silly idealTree:prePrune │ │   └── traverse@0.3.9
93 silly idealTree:prePrune │ ├── buffer-crc32@0.2.13
93 silly idealTree:prePrune │ ├─┬ buffermaker@1.2.0
93 silly idealTree:prePrune │ │ └── long@1.1.2
93 silly idealTree:prePrune │ ├─┬ debug@2.6.8
93 silly idealTree:prePrune │ │ └── ms@2.0.0
93 silly idealTree:prePrune │ ├── lodash@4.17.4
93 silly idealTree:prePrune │ ├─┬ minimatch@3.0.4
93 silly idealTree:prePrune │ │ └─┬ brace-expansion@1.1.8
93 silly idealTree:prePrune │ │   ├── balanced-match@1.0.0
93 silly idealTree:prePrune │ │   └── concat-map@0.0.1
93 silly idealTree:prePrune │ ├─┬ nested-error-stacks@2.0.0
93 silly idealTree:prePrune │ │ └── inherits@2.0.3
93 silly idealTree:prePrune │ ├─┬ node-zookeeper-client@0.2.2
93 silly idealTree:prePrune │ │ ├── async@0.2.10
93 silly idealTree:prePrune │ │ └── underscore@1.4.4
93 silly idealTree:prePrune │ ├── optional@0.1.3
93 silly idealTree:prePrune │ ├── retry@0.10.1
93 silly idealTree:prePrune │ └── uuid@3.1.0
93 silly idealTree:prePrune ├── mime-db@1.29.0
93 silly idealTree:prePrune ├── mime-types@2.1.16
93 silly idealTree:prePrune ├── minimatch@3.0.4
93 silly idealTree:prePrune ├── minimist@0.0.8
93 silly idealTree:prePrune ├── mkdirp@0.5.1
93 silly idealTree:prePrune ├── ms@2.0.0
93 silly idealTree:prePrune ├── nan@2.3.5
93 silly idealTree:prePrune ├── node-bin-setup@1.0.6
93 silly idealTree:prePrune ├── node-gyp@3.4.0
93 silly idealTree:prePrune ├── node@8.3.0
93 silly idealTree:prePrune ├── nopt@3.0.6
93 silly idealTree:prePrune ├── npmlog@3.1.2
93 silly idealTree:prePrune ├── number-is-nan@1.0.1
93 silly idealTree:prePrune ├── oauth-sign@0.8.2
93 silly idealTree:prePrune ├── object-assign@4.1.1
93 silly idealTree:prePrune ├── once@1.4.0
93 silly idealTree:prePrune ├── os-homedir@1.0.2
93 silly idealTree:prePrune ├── os-tmpdir@1.0.2
93 silly idealTree:prePrune ├── osenv@0.1.4
93 silly idealTree:prePrune ├── path-array@1.0.1
93 silly idealTree:prePrune ├── path-is-absolute@1.0.1
93 silly idealTree:prePrune ├── performance-now@0.2.0
93 silly idealTree:prePrune ├── process-nextick-args@1.0.7
93 silly idealTree:prePrune ├── punycode@1.4.1
93 silly idealTree:prePrune ├── qs@6.4.0
93 silly idealTree:prePrune ├── readable-stream@2.3.3
93 silly idealTree:prePrune ├── request@2.81.0
93 silly idealTree:prePrune ├── rimraf@2.6.1
93 silly idealTree:prePrune ├── safe-buffer@5.1.1
93 silly idealTree:prePrune ├── semver@5.4.1
93 silly idealTree:prePrune ├── set-blocking@2.0.0
93 silly idealTree:prePrune ├── signal-exit@3.0.2
93 silly idealTree:prePrune ├── snappy@5.0.5
93 silly idealTree:prePrune ├── sntp@1.0.9
93 silly idealTree:prePrune ├─┬ sshpk@1.13.1
93 silly idealTree:prePrune │ └── assert-plus@1.0.0
93 silly idealTree:prePrune ├── string_decoder@1.0.3
93 silly idealTree:prePrune ├── string-width@1.0.2
93 silly idealTree:prePrune ├── stringstream@0.0.5
93 silly idealTree:prePrune ├── strip-ansi@3.0.1
93 silly idealTree:prePrune ├── tar@2.2.1
93 silly idealTree:prePrune ├── tough-cookie@2.3.2
93 silly idealTree:prePrune ├── tunnel-agent@0.6.0
93 silly idealTree:prePrune ├── tweetnacl@0.14.5
93 silly idealTree:prePrune ├── util-deprecate@1.0.2
93 silly idealTree:prePrune ├── uuid@3.1.0
93 silly idealTree:prePrune ├── verror@1.3.6
93 silly idealTree:prePrune ├── which@1.2.14
93 silly idealTree:prePrune ├── wide-align@1.1.2
93 silly idealTree:prePrune └── wrappy@1.0.2
94 silly loadIdealTree Finishing
95 silly currentTree kafka_to_db@1.0.0
95 silly currentTree ├── abbrev@1.1.0
95 silly currentTree ├── ajv@4.11.8
95 silly currentTree ├── ansi-regex@2.1.1
95 silly currentTree ├── aproba@1.1.2
95 silly currentTree ├── are-we-there-yet@1.1.4
95 silly currentTree ├── array-index@1.0.0
95 silly currentTree ├── asn1@0.2.3
95 silly currentTree ├── assert-plus@0.2.0
95 silly currentTree ├── asynckit@0.4.0
95 silly currentTree ├── aws-sign2@0.6.0
95 silly currentTree ├── aws4@1.6.0
95 silly currentTree ├── balanced-match@1.0.0
95 silly currentTree ├── bcrypt-pbkdf@1.0.1
95 silly currentTree ├── bindings@1.2.1
95 silly currentTree ├── block-stream@0.0.9
95 silly currentTree ├── boom@2.10.1
95 silly currentTree ├── brace-expansion@1.1.8
95 silly currentTree ├── caseless@0.12.0
95 silly currentTree ├── co@4.6.0
95 silly currentTree ├── code-point-at@1.1.0
95 silly currentTree ├── combined-stream@1.0.5
95 silly currentTree ├── concat-map@0.0.1
95 silly currentTree ├── console-control-strings@1.1.0
95 silly currentTree ├── core-util-is@1.0.2
95 silly currentTree ├── cryptiles@2.0.5
95 silly currentTree ├── d@1.0.0
95 silly currentTree ├─┬ dashdash@1.14.1
95 silly currentTree │ └── assert-plus@1.0.0
95 silly currentTree ├── debug@2.6.8
95 silly currentTree ├── delayed-stream@1.0.0
95 silly currentTree ├── delegates@1.0.0
95 silly currentTree ├── ecc-jsbn@0.1.1
95 silly currentTree ├── es5-ext@0.10.24
95 silly currentTree ├── es6-iterator@2.0.1
95 silly currentTree ├── es6-symbol@3.1.1
95 silly currentTree ├── extend@3.0.1
95 silly currentTree ├── extsprintf@1.0.2
95 silly currentTree ├── forever-agent@0.6.1
95 silly currentTree ├── form-data@2.1.4
95 silly currentTree ├── fs.realpath@1.0.0
95 silly currentTree ├── fstream@1.0.11
95 silly currentTree ├── gauge@2.6.0
95 silly currentTree ├─┬ getpass@0.1.7
95 silly currentTree │ └── assert-plus@1.0.0
95 silly currentTree ├── glob@7.1.2
95 silly currentTree ├── graceful-fs@4.1.11
95 silly currentTree ├── har-schema@1.0.5
95 silly currentTree ├── har-validator@4.2.1
95 silly currentTree ├── has-color@0.1.7
95 silly currentTree ├── has-unicode@2.0.1
95 silly currentTree ├── hawk@3.1.3
95 silly currentTree ├── hoek@2.16.3
95 silly currentTree ├── http-signature@1.1.1
95 silly currentTree ├── inflight@1.0.6
95 silly currentTree ├── influx@5.0.7
95 silly currentTree ├── inherits@2.0.3
95 silly currentTree ├── is-fullwidth-code-point@1.0.0
95 silly currentTree ├── is-typedarray@1.0.0
95 silly currentTree ├── isarray@1.0.0
95 silly currentTree ├── isexe@2.0.0
95 silly currentTree ├── isstream@0.1.2
95 silly currentTree ├── jsbn@0.1.1
95 silly currentTree ├── json-schema@0.2.3
95 silly currentTree ├── json-stable-stringify@1.0.1
95 silly currentTree ├── json-stringify-safe@5.0.1
95 silly currentTree ├── jsonify@0.0.0
95 silly currentTree ├─┬ jsprim@1.4.0
95 silly currentTree │ └── assert-plus@1.0.0
95 silly currentTree ├─┬ kafka-node@1.6.2
95 silly currentTree │ ├── async@1.5.2
95 silly currentTree │ ├─┬ binary@0.3.0
95 silly currentTree │ │ ├── buffers@0.1.1
95 silly currentTree │ │ └─┬ chainsaw@0.1.0
95 silly currentTree │ │   └── traverse@0.3.9
95 silly currentTree │ ├── buffer-crc32@0.2.13
95 silly currentTree │ ├─┬ buffermaker@1.2.0
95 silly currentTree │ │ └── long@1.1.2
95 silly currentTree │ ├─┬ debug@2.6.8
95 silly currentTree │ │ └── ms@2.0.0
95 silly currentTree │ ├── lodash@4.17.4
95 silly currentTree │ ├─┬ minimatch@3.0.4
95 silly currentTree │ │ └─┬ brace-expansion@1.1.8
95 silly currentTree │ │   ├── balanced-match@1.0.0
95 silly currentTree │ │   └── concat-map@0.0.1
95 silly currentTree │ ├─┬ nested-error-stacks@2.0.0
95 silly currentTree │ │ └── inherits@2.0.3
95 silly currentTree │ ├─┬ node-zookeeper-client@0.2.2
95 silly currentTree │ │ ├── async@0.2.10
95 silly currentTree │ │ └── underscore@1.4.4
95 silly currentTree │ ├── optional@0.1.3
95 silly currentTree │ ├── retry@0.10.1
95 silly currentTree │ └── uuid@3.1.0
95 silly currentTree ├── mime-db@1.29.0
95 silly currentTree ├── mime-types@2.1.16
95 silly currentTree ├── minimatch@3.0.4
95 silly currentTree ├── minimist@0.0.8
95 silly currentTree ├── mkdirp@0.5.1
95 silly currentTree ├── ms@2.0.0
95 silly currentTree ├── nan@2.3.5
95 silly currentTree ├── node-gyp@3.4.0
95 silly currentTree ├── nopt@3.0.6
95 silly currentTree ├── npmlog@3.1.2
95 silly currentTree ├── number-is-nan@1.0.1
95 silly currentTree ├── oauth-sign@0.8.2
95 silly currentTree ├── object-assign@4.1.1
95 silly currentTree ├── once@1.4.0
95 silly currentTree ├── os-homedir@1.0.2
95 silly currentTree ├── os-tmpdir@1.0.2
95 silly currentTree ├── osenv@0.1.4
95 silly currentTree ├── path-array@1.0.1
95 silly currentTree ├── path-is-absolute@1.0.1
95 silly currentTree ├── performance-now@0.2.0
95 silly currentTree ├── process-nextick-args@1.0.7
95 silly currentTree ├── punycode@1.4.1
95 silly currentTree ├── qs@6.4.0
95 silly currentTree ├── readable-stream@2.3.3
95 silly currentTree ├── request@2.81.0
95 silly currentTree ├── rimraf@2.6.1
95 silly currentTree ├── safe-buffer@5.1.1
95 silly currentTree ├── semver@5.4.1
95 silly currentTree ├── set-blocking@2.0.0
95 silly currentTree ├── signal-exit@3.0.2
95 silly currentTree ├── snappy@5.0.5
95 silly currentTree ├── sntp@1.0.9
95 silly currentTree ├─┬ sshpk@1.13.1
95 silly currentTree │ └── assert-plus@1.0.0
95 silly currentTree ├── string_decoder@1.0.3
95 silly currentTree ├── string-width@1.0.2
95 silly currentTree ├── stringstream@0.0.5
95 silly currentTree ├── strip-ansi@3.0.1
95 silly currentTree ├── tar@2.2.1
95 silly currentTree ├── tough-cookie@2.3.2
95 silly currentTree ├── tunnel-agent@0.6.0
95 silly currentTree ├── tweetnacl@0.14.5
95 silly currentTree ├── util-deprecate@1.0.2
95 silly currentTree ├── uuid@3.1.0
95 silly currentTree ├── verror@1.3.6
95 silly currentTree ├── which@1.2.14
95 silly currentTree ├── wide-align@1.1.2
95 silly currentTree └── wrappy@1.0.2
96 silly idealTree kafka_to_db@1.0.0
96 silly idealTree ├── abbrev@1.1.0
96 silly idealTree ├── ajv@4.11.8
96 silly idealTree ├── ansi-regex@2.1.1
96 silly idealTree ├── aproba@1.1.2
96 silly idealTree ├── are-we-there-yet@1.1.4
96 silly idealTree ├── array-index@1.0.0
96 silly idealTree ├── asn1@0.2.3
96 silly idealTree ├── assert-plus@0.2.0
96 silly idealTree ├── asynckit@0.4.0
96 silly idealTree ├── aws-sign2@0.6.0
96 silly idealTree ├── aws4@1.6.0
96 silly idealTree ├── balanced-match@1.0.0
96 silly idealTree ├── bcrypt-pbkdf@1.0.1
96 silly idealTree ├── bindings@1.2.1
96 silly idealTree ├── block-stream@0.0.9
96 silly idealTree ├── boom@2.10.1
96 silly idealTree ├── brace-expansion@1.1.8
96 silly idealTree ├── caseless@0.12.0
96 silly idealTree ├── co@4.6.0
96 silly idealTree ├── code-point-at@1.1.0
96 silly idealTree ├── combined-stream@1.0.5
96 silly idealTree ├── concat-map@0.0.1
96 silly idealTree ├── console-control-strings@1.1.0
96 silly idealTree ├── core-util-is@1.0.2
96 silly idealTree ├── cryptiles@2.0.5
96 silly idealTree ├── d@1.0.0
96 silly idealTree ├─┬ dashdash@1.14.1
96 silly idealTree │ └── assert-plus@1.0.0
96 silly idealTree ├── debug@2.6.8
96 silly idealTree ├── delayed-stream@1.0.0
96 silly idealTree ├── delegates@1.0.0
96 silly idealTree ├── ecc-jsbn@0.1.1
96 silly idealTree ├── es5-ext@0.10.24
96 silly idealTree ├── es6-iterator@2.0.1
96 silly idealTree ├── es6-symbol@3.1.1
96 silly idealTree ├── extend@3.0.1
96 silly idealTree ├── extsprintf@1.0.2
96 silly idealTree ├── forever-agent@0.6.1
96 silly idealTree ├── form-data@2.1.4
96 silly idealTree ├── fs.realpath@1.0.0
96 silly idealTree ├── fstream@1.0.11
96 silly idealTree ├── gauge@2.6.0
96 silly idealTree ├─┬ getpass@0.1.7
96 silly idealTree │ └── assert-plus@1.0.0
96 silly idealTree ├── glob@7.1.2
96 silly idealTree ├── graceful-fs@4.1.11
96 silly idealTree ├── har-schema@1.0.5
96 silly idealTree ├── har-validator@4.2.1
96 silly idealTree ├── has-color@0.1.7
96 silly idealTree ├── has-unicode@2.0.1
96 silly idealTree ├── hawk@3.1.3
96 silly idealTree ├── hoek@2.16.3
96 silly idealTree ├── http-signature@1.1.1
96 silly idealTree ├── inflight@1.0.6
96 silly idealTree ├── influx@5.0.7
96 silly idealTree ├── inherits@2.0.3
96 silly idealTree ├── is-fullwidth-code-point@1.0.0
96 silly idealTree ├── is-typedarray@1.0.0
96 silly idealTree ├── isarray@1.0.0
96 silly idealTree ├── isexe@2.0.0
96 silly idealTree ├── isstream@0.1.2
96 silly idealTree ├── jsbn@0.1.1
96 silly idealTree ├── json-schema@0.2.3
96 silly idealTree ├── json-stable-stringify@1.0.1
96 silly idealTree ├── json-stringify-safe@5.0.1
96 silly idealTree ├── jsonify@0.0.0
96 silly idealTree ├─┬ jsprim@1.4.0
96 silly idealTree │ └── assert-plus@1.0.0
96 silly idealTree ├─┬ kafka-node@1.6.2
96 silly idealTree │ ├── async@1.5.2
96 silly idealTree │ ├─┬ binary@0.3.0
96 silly idealTree │ │ ├── buffers@0.1.1
96 silly idealTree │ │ └─┬ chainsaw@0.1.0
96 silly idealTree │ │   └── traverse@0.3.9
96 silly idealTree │ ├── buffer-crc32@0.2.13
96 silly idealTree │ ├─┬ buffermaker@1.2.0
96 silly idealTree │ │ └── long@1.1.2
96 silly idealTree │ ├─┬ debug@2.6.8
96 silly idealTree │ │ └── ms@2.0.0
96 silly idealTree │ ├── lodash@4.17.4
96 silly idealTree │ ├─┬ minimatch@3.0.4
96 silly idealTree │ │ └─┬ brace-expansion@1.1.8
96 silly idealTree │ │   ├── balanced-match@1.0.0
96 silly idealTree │ │   └── concat-map@0.0.1
96 silly idealTree │ ├─┬ nested-error-stacks@2.0.0
96 silly idealTree │ │ └── inherits@2.0.3
96 silly idealTree │ ├─┬ node-zookeeper-client@0.2.2
96 silly idealTree │ │ ├── async@0.2.10
96 silly idealTree │ │ └── underscore@1.4.4
96 silly idealTree │ ├── optional@0.1.3
96 silly idealTree │ ├── retry@0.10.1
96 silly idealTree │ └── uuid@3.1.0
96 silly idealTree ├── mime-db@1.29.0
96 silly idealTree ├── mime-types@2.1.16
96 silly idealTree ├── minimatch@3.0.4
96 silly idealTree ├── minimist@0.0.8
96 silly idealTree ├── mkdirp@0.5.1
96 silly idealTree ├── ms@2.0.0
96 silly idealTree ├── nan@2.3.5
96 silly idealTree ├── node-bin-setup@1.0.6
96 silly idealTree ├── node-gyp@3.4.0
96 silly idealTree ├── node@8.3.0
96 silly idealTree ├── nopt@3.0.6
96 silly idealTree ├── npmlog@3.1.2
96 silly idealTree ├── number-is-nan@1.0.1
96 silly idealTree ├── oauth-sign@0.8.2
96 silly idealTree ├── object-assign@4.1.1
96 silly idealTree ├── once@1.4.0
96 silly idealTree ├── os-homedir@1.0.2
96 silly idealTree ├── os-tmpdir@1.0.2
96 silly idealTree ├── osenv@0.1.4
96 silly idealTree ├── path-array@1.0.1
96 silly idealTree ├── path-is-absolute@1.0.1
96 silly idealTree ├── performance-now@0.2.0
96 silly idealTree ├── process-nextick-args@1.0.7
96 silly idealTree ├── punycode@1.4.1
96 silly idealTree ├── qs@6.4.0
96 silly idealTree ├── readable-stream@2.3.3
96 silly idealTree ├── request@2.81.0
96 silly idealTree ├── rimraf@2.6.1
96 silly idealTree ├── safe-buffer@5.1.1
96 silly idealTree ├── semver@5.4.1
96 silly idealTree ├── set-blocking@2.0.0
96 silly idealTree ├── signal-exit@3.0.2
96 silly idealTree ├── snappy@5.0.5
96 silly idealTree ├── sntp@1.0.9
96 silly idealTree ├─┬ sshpk@1.13.1
96 silly idealTree │ └── assert-plus@1.0.0
96 silly idealTree ├── string_decoder@1.0.3
96 silly idealTree ├── string-width@1.0.2
96 silly idealTree ├── stringstream@0.0.5
96 silly idealTree ├── strip-ansi@3.0.1
96 silly idealTree ├── tar@2.2.1
96 silly idealTree ├── tough-cookie@2.3.2
96 silly idealTree ├── tunnel-agent@0.6.0
96 silly idealTree ├── tweetnacl@0.14.5
96 silly idealTree ├── util-deprecate@1.0.2
96 silly idealTree ├── uuid@3.1.0
96 silly idealTree ├── verror@1.3.6
96 silly idealTree ├── which@1.2.14
96 silly idealTree ├── wide-align@1.1.2
96 silly idealTree └── wrappy@1.0.2
97 silly generateActionsToTake Starting
98 silly install generateActionsToTake
99 silly generateActionsToTake Finishing
100 silly diffTrees action count 2
101 silly diffTrees add node-bin-setup@1.0.6
102 silly diffTrees add node@8.3.0
103 silly decomposeActions action count 16
104 silly decomposeActions fetch node-bin-setup@1.0.6
105 silly decomposeActions extract node-bin-setup@1.0.6
106 silly decomposeActions test node-bin-setup@1.0.6
107 silly decomposeActions preinstall node-bin-setup@1.0.6
108 silly decomposeActions build node-bin-setup@1.0.6
109 silly decomposeActions install node-bin-setup@1.0.6
110 silly decomposeActions postinstall node-bin-setup@1.0.6
111 silly decomposeActions finalize node-bin-setup@1.0.6
112 silly decomposeActions fetch node@8.3.0
113 silly decomposeActions extract node@8.3.0
114 silly decomposeActions test node@8.3.0
115 silly decomposeActions preinstall node@8.3.0
116 silly decomposeActions build node@8.3.0
117 silly decomposeActions install node@8.3.0
118 silly decomposeActions postinstall node@8.3.0
119 silly decomposeActions finalize node@8.3.0
120 silly executeActions Starting
121 silly install executeActions
122 silly doSerial global-install 0
123 silly doParallel fetch 2
124 verbose lock using /root/.npm/_locks/staging-56a77f47c1e3c595.lock for /home/koren/DNSlabDrone/SmartX-mini/ubuntu-kafkatodb/node_modules/.staging
125 silly doParallel extract 2
126 silly extract node-bin-setup@1.0.6
127 silly extract node@8.3.0
128 verbose unbuild node_modules/.staging/node-bin-setup-99f326c7
129 verbose unbuild node_modules/.staging/node-2a88e360
130 silly gentlyRm /home/koren/DNSlabDrone/SmartX-mini/ubuntu-kafkatodb/node_modules/.staging/node-bin-setup-99f326c7 is being purged from base /home/koren/DNSlabDrone/SmartX-mini/ubuntu-kafkatodb
131 verbose gentlyRm don't care about contents; nuking /home/koren/DNSlabDrone/SmartX-mini/ubuntu-kafkatodb/node_modules/.staging/node-bin-setup-99f326c7
132 silly gentlyRm /home/koren/DNSlabDrone/SmartX-mini/ubuntu-kafkatodb/node_modules/.staging/node-2a88e360 is being purged from base /home/koren/DNSlabDrone/SmartX-mini/ubuntu-kafkatodb
133 verbose gentlyRm don't care about contents; nuking /home/koren/DNSlabDrone/SmartX-mini/ubuntu-kafkatodb/node_modules/.staging/node-2a88e360
134 verbose tar unpack /root/.npm/node-bin-setup/1.0.6/package.tgz
135 verbose tar unpacking to /home/koren/DNSlabDrone/SmartX-mini/ubuntu-kafkatodb/node_modules/.staging/node-bin-setup-99f326c7
136 silly gentlyRm /home/koren/DNSlabDrone/SmartX-mini/ubuntu-kafkatodb/node_modules/.staging/node-bin-setup-99f326c7 is being purged
137 verbose gentlyRm don't care about contents; nuking /home/koren/DNSlabDrone/SmartX-mini/ubuntu-kafkatodb/node_modules/.staging/node-bin-setup-99f326c7
138 verbose tar unpack /root/.npm/node/8.3.0/package.tgz
139 verbose tar unpacking to /home/koren/DNSlabDrone/SmartX-mini/ubuntu-kafkatodb/node_modules/.staging/node-2a88e360
140 silly gentlyRm /home/koren/DNSlabDrone/SmartX-mini/ubuntu-kafkatodb/node_modules/.staging/node-2a88e360 is being purged
141 verbose gentlyRm don't care about contents; nuking /home/koren/DNSlabDrone/SmartX-mini/ubuntu-kafkatodb/node_modules/.staging/node-2a88e360
142 silly gunzTarPerm modes [ '755', '644' ]
143 silly gunzTarPerm modes [ '755', '644' ]
144 silly gunzTarPerm extractEntry package.json
145 silly gunzTarPerm extractEntry package.json
146 silly gunzTarPerm extractEntry index.js
147 silly gunzTarPerm extractEntry README.md
148 silly gunzTarPerm extractEntry installArchSpecificPackage.js
149 silly gentlyRm /home/koren/DNSlabDrone/SmartX-mini/ubuntu-kafkatodb/node_modules/.staging/node-bin-setup-99f326c7/node_modules is being purged
150 verbose gentlyRm don't care about contents; nuking /home/koren/DNSlabDrone/SmartX-mini/ubuntu-kafkatodb/node_modules/.staging/node-bin-setup-99f326c7/node_modules
151 silly gentlyRm /home/koren/DNSlabDrone/SmartX-mini/ubuntu-kafkatodb/node_modules/.staging/node-2a88e360/node_modules is being purged
152 verbose gentlyRm don't care about contents; nuking /home/koren/DNSlabDrone/SmartX-mini/ubuntu-kafkatodb/node_modules/.staging/node-2a88e360/node_modules
153 silly doParallel preinstall 2
154 silly preinstall node-bin-setup@1.0.6 /home/koren/DNSlabDrone/SmartX-mini/ubuntu-kafkatodb/node_modules/.staging/node-bin-setup-99f326c7
155 info lifecycle node-bin-setup@1.0.6~preinstall: node-bin-setup@1.0.6
156 silly preinstall node@8.3.0 /home/koren/DNSlabDrone/SmartX-mini/ubuntu-kafkatodb/node_modules/.staging/node-2a88e360
157 info lifecycle node@8.3.0~preinstall: node@8.3.0
158 silly lifecycle node-bin-setup@1.0.6~preinstall: no script for preinstall, continuing
159 warn lifecycle node@8.3.0~preinstall: cannot run in wd %s %s (wd=%s) node@8.3.0 node installArchSpecificPackage /home/koren/DNSlabDrone/SmartX-mini/ubuntu-kafkatodb/node_modules/.staging/node-2a88e360
160 silly doReverseSerial remove 0
161 silly doSerial move 0
162 silly doSerial finalize 2
163 silly finalize /home/koren/DNSlabDrone/SmartX-mini/ubuntu-kafkatodb/node_modules/node-bin-setup
164 silly finalize /home/koren/DNSlabDrone/SmartX-mini/ubuntu-kafkatodb/node_modules/node
165 silly doSerial build 2
166 silly build node-bin-setup@1.0.6
167 info linkStuff node-bin-setup@1.0.6
168 silly linkStuff node-bin-setup@1.0.6 has /home/koren/DNSlabDrone/SmartX-mini/ubuntu-kafkatodb/node_modules as its parent node_modules
169 verbose linkBins node-bin-setup@1.0.6
170 verbose linkMans node-bin-setup@1.0.6
171 silly build node@8.3.0
172 info linkStuff node@8.3.0
173 silly linkStuff node@8.3.0 has /home/koren/DNSlabDrone/SmartX-mini/ubuntu-kafkatodb/node_modules as its parent node_modules
174 verbose linkBins node@8.3.0
175 verbose link bins [ { node: 'bin/node' },
175 verbose link bins   '/home/koren/DNSlabDrone/SmartX-mini/ubuntu-kafkatodb/node_modules/.bin',
175 verbose link bins   false ]
176 verbose linkMans node@8.3.0
177 verbose unlock done using /root/.npm/_locks/staging-56a77f47c1e3c595.lock for /home/koren/DNSlabDrone/SmartX-mini/ubuntu-kafkatodb/node_modules/.staging
178 silly rollbackFailedOptional Starting
179 silly rollbackFailedOptional Finishing
180 silly runTopLevelLifecycles Starting
181 silly runTopLevelLifecycles Finishing
182 silly install printInstalled
183 warn kafka_to_db@1.0.0 No description
184 warn kafka_to_db@1.0.0 No repository field.
185 verbose stack Error: ENOENT: no such file or directory, chmod '/home/koren/DNSlabDrone/SmartX-mini/ubuntu-kafkatodb/node_modules/node/bin/node'
185 verbose stack     at Error (native)
186 verbose cwd /home/koren/DNSlabDrone/SmartX-mini/ubuntu-kafkatodb
187 error Linux 4.4.0-87-generic
188 error argv "/usr/bin/nodejs" "/usr/bin/npm" "install" "node"
189 error node v4.2.6
190 error npm  v3.5.2
191 error path /home/koren/DNSlabDrone/SmartX-mini/ubuntu-kafkatodb/node_modules/node/bin/node
192 error code ENOENT
193 error errno -2
194 error syscall chmod
195 error enoent ENOENT: no such file or directory, chmod '/home/koren/DNSlabDrone/SmartX-mini/ubuntu-kafkatodb/node_modules/node/bin/node'
196 error enoent ENOENT: no such file or directory, chmod '/home/koren/DNSlabDrone/SmartX-mini/ubuntu-kafkatodb/node_modules/node/bin/node'
196 error enoent This is most likely not a problem with npm itself
196 error enoent and is related to npm not being able to find a file.
197 verbose exit [ -2, true ]
